000.000 =============================================================
000.000                     Station B                               
000.000 -------------------------------------------------------------
000.000 Protocol.lib, version 4.0, jiangyanjun0718@bupt.edu.cn
000.000 Channel: 8000 bps, 270 ms propagation delay, bit error rate 1.0E-05
000.000 Log file "datalink-B.log", TCP port 59144, debug mask 0x00
000.000 Station B is connecting station A (TCP port 59144) ... Done.
000.358 New epoch: Wed May 22 14:00:50 2019
000.358 =================================================================
000.358 
000.358 Designed by yu, build: May 20 2019  18:09:47
002.756 .... 8 packets received, 7769 bps, 97.11%, Err 0 (0.0e+00)
004.872 .... 16 packets received, 7756 bps, 96.95%, Err 0 (0.0e+00)
006.992 .... 24 packets received, 7747 bps, 96.83%, Err 1 (1.9e-05)
009.107 .... 32 packets received, 7747 bps, 96.83%, Err 1 (1.4e-05)
010.415 ** WARNING: System too busy, sleep 15 ms, but be awakened 80 ms later
011.205 .... 40 packets received, 7759 bps, 96.99%, Err 2 (2.3e-05)
013.327 .... 48 packets received, 7753 bps, 96.91%, Err 3 (2.9e-05)
017.539 .... 49 packets received, 5941 bps, 74.26%, Err 3 (2.2e-05)
022.035 .... 55 packets received, 5267 bps, 65.83%, Err 3 (1.7e-05)
028.102 .... 56 packets received, 4177 bps, 52.22%, Err 4 (1.8e-05)
030.217 .... 64 packets received, 4433 bps, 55.41%, Err 4 (1.7e-05)
032.317 .... 72 packets received, 4656 bps, 58.20%, Err 4 (1.6e-05)
038.408 .... 79 packets received, 4285 bps, 53.56%, Err 4 (1.3e-05)
042.623 .... 84 packets received, 4098 bps, 51.23%, Err 4 (1.2e-05)
044.740 .... 89 packets received, 4134 bps, 51.67%, Err 4 (1.1e-05)
051.340 .... 94 packets received, 3798 bps, 47.47%, Err 6 (1.5e-05)
053.457 .... 102 packets received, 3956 bps, 49.45%, Err 6 (1.4e-05)
055.563 .... 110 packets received, 4102 bps, 51.28%, Err 6 (1.4e-05)
058.719 .... 112 packets received, 3950 bps, 49.37%, Err 6 (1.3e-05)
060.835 .... 120 packets received, 4083 bps, 51.04%, Err 6 (1.2e-05)
062.954 .... 128 packets received, 4207 bps, 52.59%, Err 6 (1.2e-05)
065.072 .... 136 packets received, 4323 bps, 54.04%, Err 6 (1.2e-05)
067.171 .... 144 packets received, 4433 bps, 55.41%, Err 6 (1.1e-05)
069.278 .... 152 packets received, 4536 bps, 56.70%, Err 6 (1.1e-05)
075.350 .... 159 packets received, 4359 bps, 54.49%, Err 7 (1.2e-05)
079.599 .... 164 packets received, 4254 bps, 53.18%, Err 7 (1.1e-05)
081.696 .... 169 packets received, 4270 bps, 53.38%, Err 8 (1.2e-05)
083.814 .... 177 packets received, 4359 bps, 54.48%, Err 8 (1.2e-05)
085.921 .... 185 packets received, 4443 bps, 55.54%, Err 8 (1.2e-05)
088.038 .... 193 packets received, 4523 bps, 56.54%, Err 8 (1.1e-05)
090.145 .... 201 packets received, 4600 bps, 57.49%, Err 8 (1.1e-05)
095.688 .... 207 packets received, 4461 bps, 55.76%, Err 8 (1.0e-05)
100.173 .... 213 packets received, 4383 bps, 54.79%, Err 8 (1.0e-05)
106.252 .... 214 packets received, 4150 bps, 51.88%, Err 9 (1.1e-05)
108.350 .... 222 packets received, 4221 bps, 52.77%, Err 9 (1.0e-05)
110.460 .... 230 packets received, 4289 bps, 53.62%, Err 9 (1.0e-05)
112.592 .... 238 packets received, 4354 bps, 54.43%, Err 9 (1.0e-05)
114.138 ** WARNING: System too busy, sleep 15 ms, but be awakened 104 ms later
119.987 .... 246 packets received, 4222 bps, 52.77%, Err 10 (1.0e-05)
127.366 .... 254 packets received, 4105 bps, 51.31%, Err 11 (1.1e-05)
129.469 .... 262 packets received, 4165 bps, 52.07%, Err 11 (1.1e-05)
131.584 .... 270 packets received, 4223 bps, 52.79%, Err 11 (1.0e-05)
133.701 .... 278 packets received, 4279 bps, 53.49%, Err 11 (1.0e-05)
135.821 .... 286 packets received, 4333 bps, 54.16%, Err 11 (1.0e-05)
137.930 .... 294 packets received, 4386 bps, 54.82%, Err 12 (1.1e-05)
143.463 .... 295 packets received, 4230 bps, 52.88%, Err 12 (1.0e-05)
145.595 .... 303 packets received, 4281 bps, 53.51%, Err 12 (1.0e-05)
147.689 .... 311 packets received, 4332 bps, 54.15%, Err 12 (1.0e-05)
149.801 .... 319 packets received, 4380 bps, 54.75%, Err 12 (1.0e-05)
151.924 .... 327 packets received, 4427 bps, 55.34%, Err 12 (9.9e-06)
154.028 .... 335 packets received, 4473 bps, 55.91%, Err 12 (9.8e-06)
156.143 .... 343 packets received, 4518 bps, 56.47%, Err 12 (9.6e-06)
158.265 .... 351 packets received, 4561 bps, 57.01%, Err 12 (9.5e-06)
160.364 .... 359 packets received, 4603 bps, 57.54%, Err 12 (9.4e-06)
166.174 .... 361 packets received, 4467 bps, 55.83%, Err 13 (9.8e-06)
168.304 .... 369 packets received, 4507 bps, 56.34%, Err 13 (9.7e-06)
174.090 .... 371 packets received, 4381 bps, 54.76%, Err 14 (1.0e-05)
176.204 .... 379 packets received, 4421 bps, 55.27%, Err 14 (1.0e-05)
178.328 .... 387 packets received, 4461 bps, 55.76%, Err 14 (9.8e-06)
184.660 .... 391 packets received, 4352 bps, 54.40%, Err 15 (1.0e-05)
186.752 .... 399 packets received, 4391 bps, 54.89%, Err 15 (1.0e-05)
188.875 .... 407 packets received, 4428 bps, 55.35%, Err 15 (9.9e-06)
190.992 .... 415 packets received, 4465 bps, 55.81%, Err 15 (9.8e-06)
197.060 .... 418 packets received, 4358 bps, 54.48%, Err 16 (1.0e-05)
199.167 .... 426 packets received, 4395 bps, 54.93%, Err 16 (1.0e-05)
201.293 .... 434 packets received, 4430 bps, 55.37%, Err 16 (1.0e-05)
203.401 .... 442 packets received, 4465 bps, 55.81%, Err 16 (9.9e-06)
205.501 .... 450 packets received, 4499 bps, 56.24%, Err 16 (9.8e-06)
207.621 .... 458 packets received, 4532 bps, 56.65%, Err 16 (9.7e-06)
213.429 .... 464 packets received, 4466 bps, 55.82%, Err 16 (9.4e-06)
217.650 .... 469 packets received, 4426 bps, 55.33%, Err 16 (9.2e-06)
219.751 .... 474 packets received, 4431 bps, 55.38%, Err 16 (9.1e-06)
221.883 .... 482 packets received, 4462 bps, 55.77%, Err 16 (9.0e-06)
223.990 .... 490 packets received, 4493 bps, 56.16%, Err 16 (8.9e-06)
226.190 .... 498 packets received, 4522 bps, 56.52%, Err 16 (8.9e-06)
228.229 .... 506 packets received, 4553 bps, 56.92%, Err 16 (8.8e-06)
230.348 .... 514 packets received, 4583 bps, 57.28%, Err 16 (8.7e-06)
232.470 .... 522 packets received, 4612 bps, 57.64%, Err 16 (8.6e-06)
235.203 ** WARNING: System too busy, sleep 15 ms, but be awakened 67 ms later
238.000 .... 527 packets received, 4547 bps, 56.84%, Err 17 (8.9e-06)
242.219 .... 532 packets received, 4510 bps, 56.38%, Err 18 (9.3e-06)
244.347 .... 537 packets received, 4513 bps, 56.41%, Err 18 (9.2e-06)
246.458 .... 545 packets received, 4541 bps, 56.76%, Err 18 (9.1e-06)
248.559 .... 553 packets received, 4568 bps, 57.10%, Err 19 (9.6e-06)
254.103 .... 554 packets received, 4477 bps, 55.96%, Err 20 (9.9e-06)
258.866 .... 561 packets received, 4449 bps, 55.62%, Err 20 (9.7e-06)
260.976 .... 568 packets received, 4468 bps, 55.86%, Err 20 (9.6e-06)
263.075 .... 576 packets received, 4495 bps, 56.19%, Err 20 (9.5e-06)
265.194 .... 584 packets received, 4521 bps, 56.51%, Err 21 (9.9e-06)
270.741 .... 585 packets received, 4436 bps, 55.45%, Err 22 (1.0e-05)
272.837 .... 593 packets received, 4462 bps, 55.77%, Err 22 (1.0e-05)
274.954 .... 601 packets received, 4487 bps, 56.09%, Err 22 (1.0e-05)
277.073 .... 609 packets received, 4512 bps, 56.40%, Err 22 (9.9e-06)
279.182 .... 617 packets received, 4537 bps, 56.71%, Err 23 (1.0e-05)
283.412 .... 618 packets received, 4476 bps, 55.95%, Err 23 (1.0e-05)
287.638 .... 624 packets received, 4453 bps, 55.66%, Err 23 (1.0e-05)
289.749 .... 629 packets received, 4456 bps, 55.70%, Err 23 (9.9e-06)
291.853 .... 637 packets received, 4480 bps, 56.00%, Err 23 (9.9e-06)
301.361 .... 640 packets received, 4359 bps, 54.48%, Err 25 (1.0e-05)
303.483 .... 643 packets received, 4348 bps, 54.36%, Err 25 (1.0e-05)
305.589 .... 651 packets received, 4372 bps, 54.65%, Err 25 (1.0e-05)
307.703 .... 659 packets received, 4395 bps, 54.94%, Err 25 (1.0e-05)
309.801 .... 667 packets received, 4419 bps, 55.23%, Err 25 (1.0e-05)
311.911 .... 675 packets received, 4441 bps, 55.52%, Err 25 (1.0e-05)
314.033 .... 683 packets received, 4463 bps, 55.79%, Err 25 (1.0e-05)
316.143 .... 691 packets received, 4486 bps, 56.07%, Err 25 (9.9e-06)
321.952 .... 693 packets received, 4417 bps, 55.21%, Err 26 (1.0e-05)
328.039 .... 696 packets received, 4354 bps, 54.42%, Err 27 (1.0e-05)
330.139 .... 704 packets received, 4376 bps, 54.70%, Err 27 (1.0e-05)
332.253 .... 712 packets received, 4397 bps, 54.97%, Err 27 (1.0e-05)
334.351 .... 720 packets received, 4419 bps, 55.23%, Err 27 (1.0e-05)
336.474 .... 728 packets received, 4440 bps, 55.50%, Err 27 (1.0e-05)
338.598 .... 736 packets received, 4460 bps, 55.75%, Err 27 (1.0e-05)
340.709 .... 744 packets received, 4481 bps, 56.01%, Err 27 (9.9e-06)
342.803 .... 752 packets received, 4501 bps, 56.26%, Err 27 (9.9e-06)
344.918 .... 760 packets received, 4521 bps, 56.51%, Err 28 (1.0e-05)
350.480 .... 761 packets received, 4455 bps, 55.69%, Err 29 (1.0e-05)
352.596 .... 769 packets received, 4475 bps, 55.94%, Err 29 (1.0e-05)
354.693 .... 777 packets received, 4495 bps, 56.18%, Err 29 (1.0e-05)
356.809 .... 785 packets received, 4514 bps, 56.42%, Err 29 (1.0e-05)
358.916 .... 793 packets received, 4533 bps, 56.66%, Err 29 (1.0e-05)
361.027 .... 801 packets received, 4552 bps, 56.90%, Err 29 (1.0e-05)
363.128 .... 809 packets received, 4571 bps, 57.14%, Err 29 (1.0e-05)
365.256 .... 817 packets received, 4589 bps, 57.36%, Err 29 (9.9e-06)
367.364 .... 825 packets received, 4607 bps, 57.59%, Err 29 (9.9e-06)
369.487 .... 833 packets received, 4625 bps, 57.82%, Err 29 (9.8e-06)
371.585 .... 841 packets received, 4643 bps, 58.04%, Err 29 (9.8e-06)
373.708 .... 849 packets received, 4661 bps, 58.26%, Err 29 (9.7e-06)
380.576 .... 855 packets received, 4609 bps, 57.61%, Err 31 (1.0e-05)
382.681 .... 863 packets received, 4626 bps, 57.83%, Err 31 (1.0e-05)
384.786 .... 871 packets received, 4644 bps, 58.05%, Err 31 (1.0e-05)
386.898 .... 879 packets received, 4661 bps, 58.26%, Err 31 (1.0e-05)
393.505 .... 884 packets received, 4608 bps, 57.60%, Err 32 (1.0e-05)
395.625 .... 892 packets received, 4625 bps, 57.81%, Err 32 (1.0e-05)
397.720 .... 900 packets received, 4642 bps, 58.02%, Err 32 (1.0e-05)
399.847 .... 908 packets received, 4658 bps, 58.23%, Err 32 (1.0e-05)
406.161 .... 912 packets received, 4606 bps, 57.57%, Err 35 (1.1e-05)
408.272 .... 920 packets received, 4622 bps, 57.78%, Err 35 (1.1e-05)
410.397 .... 928 packets received, 4638 bps, 57.98%, Err 35 (1.1e-05)
413.304 .... 929 packets received, 4611 bps, 57.63%, Err 35 (1.1e-05)
415.406 .... 937 packets received, 4627 bps, 57.83%, Err 35 (1.1e-05)
417.514 .... 945 packets received, 4643 bps, 58.03%, Err 35 (1.0e-05)
419.635 .... 953 packets received, 4658 bps, 58.23%, Err 35 (1.0e-05)
425.702 .... 960 packets received, 4625 bps, 57.82%, Err 35 (1.0e-05)
429.930 .... 965 packets received, 4604 bps, 57.55%, Err 35 (1.0e-05)
432.042 .... 973 packets received, 4619 bps, 57.74%, Err 35 (1.0e-05)
434.163 .... 981 packets received, 4634 bps, 57.93%, Err 35 (1.0e-05)
436.272 .... 989 packets received, 4650 bps, 58.12%, Err 35 (1.0e-05)
442.067 .... 996 packets received, 4621 bps, 57.76%, Err 36 (1.0e-05)
446.564 .... 1002 packets received, 4602 bps, 57.52%, Err 36 (1.0e-05)
448.680 .... 1008 packets received, 4608 bps, 57.60%, Err 36 (1.0e-05)
450.783 .... 1016 packets received, 4623 bps, 57.78%, Err 36 (1.0e-05)
452.907 .... 1024 packets received, 4637 bps, 57.96%, Err 36 (9.9e-06)
455.007 .... 1032 packets received, 4652 bps, 58.15%, Err 37 (1.0e-05)
460.560 .... 1033 packets received, 4600 bps, 57.50%, Err 37 (1.0e-05)
462.671 .... 1041 packets received, 4614 bps, 57.68%, Err 37 (1.0e-05)
464.776 .... 1049 packets received, 4629 bps, 57.86%, Err 37 (1.0e-05)
471.124 .... 1057 packets received, 4601 bps, 57.51%, Err 37 (9.8e-06)
475.338 .... 1062 packets received, 4582 bps, 57.27%, Err 37 (9.7e-06)
477.457 .... 1067 packets received, 4583 bps, 57.29%, Err 37 (9.7e-06)
479.566 .... 1075 packets received, 4597 bps, 57.46%, Err 37 (9.7e-06)
481.675 .... 1083 packets received, 4611 bps, 57.64%, Err 37 (9.6e-06)
483.801 .... 1091 packets received, 4625 bps, 57.81%, Err 37 (9.6e-06)
485.912 .... 1099 packets received, 4638 bps, 57.98%, Err 37 (9.5e-06)
488.011 .... 1107 packets received, 4652 bps, 58.15%, Err 37 (9.5e-06)
490.146 .... 1115 packets received, 4665 bps, 58.31%, Err 38 (9.7e-06)
492.236 .... 1123 packets received, 4679 bps, 58.48%, Err 38 (9.7e-06)
494.352 .... 1131 packets received, 4692 bps, 58.65%, Err 38 (9.6e-06)
496.450 .... 1139 packets received, 4705 bps, 58.81%, Err 38 (9.6e-06)
498.575 .... 1147 packets received, 4718 bps, 58.97%, Err 38 (9.5e-06)
500.688 .... 1155 packets received, 4730 bps, 59.13%, Err 38 (9.5e-06)
507.011 .... 1159 packets received, 4688 bps, 58.60%, Err 39 (9.6e-06)
509.125 .... 1167 packets received, 4700 bps, 58.75%, Err 39 (9.6e-06)
511.238 .... 1175 packets received, 4713 bps, 58.91%, Err 39 (9.5e-06)
513.370 .... 1183 packets received, 4725 bps, 59.07%, Err 39 (9.5e-06)
515.471 .... 1191 packets received, 4738 bps, 59.22%, Err 40 (9.7e-06)
522.608 .... 1198 packets received, 4701 bps, 58.76%, Err 42 (1.0e-05)
524.706 .... 1206 packets received, 4713 bps, 58.91%, Err 42 (1.0e-05)
526.808 .... 1214 packets received, 4725 bps, 59.07%, Err 42 (1.0e-05)
528.939 .... 1222 packets received, 4737 bps, 59.22%, Err 42 (9.9e-06)
531.043 .... 1230 packets received, 4749 bps, 59.37%, Err 42 (9.9e-06)
537.110 .... 1233 packets received, 4707 bps, 58.84%, Err 43 (1.0e-05)
539.223 .... 1241 packets received, 4719 bps, 58.99%, Err 43 (1.0e-05)
541.343 .... 1249 packets received, 4731 bps, 59.14%, Err 43 (9.9e-06)
547.154 .... 1251 packets received, 4688 bps, 58.60%, Err 44 (1.0e-05)
549.257 .... 1259 packets received, 4700 bps, 58.75%, Err 44 (1.0e-05)
551.385 .... 1267 packets received, 4712 bps, 58.89%, Err 44 (1.0e-05)
558.499 .... 1274 packets received, 4677 bps, 58.46%, Err 45 (1.0e-05)
560.600 .... 1282 packets received, 4689 bps, 58.61%, Err 45 (1.0e-05)
562.730 .... 1290 packets received, 4700 bps, 58.75%, Err 45 (1.0e-05)
564.836 .... 1298 packets received, 4712 bps, 58.90%, Err 45 (1.0e-05)
566.945 .... 1306 packets received, 4723 bps, 59.04%, Err 45 (9.9e-06)
569.065 .... 1314 packets received, 4734 bps, 59.18%, Err 45 (9.9e-06)
571.158 .... 1322 packets received, 4746 bps, 59.32%, Err 45 (9.9e-06)
573.296 .... 1330 packets received, 4757 bps, 59.46%, Err 45 (9.8e-06)
575.376 .... 1338 packets received, 4768 bps, 59.60%, Err 45 (9.8e-06)
577.508 .... 1346 packets received, 4779 bps, 59.73%, Err 45 (9.7e-06)
583.853 .... 1350 packets received, 4741 bps, 59.26%, Err 46 (9.9e-06)
591.238 .... 1358 packets received, 4709 bps, 58.86%, Err 48 (1.0e-05)
593.356 .... 1366 packets received, 4720 bps, 59.00%, Err 48 (1.0e-05)
595.454 .... 1374 packets received, 4731 bps, 59.14%, Err 48 (1.0e-05)
597.567 .... 1382 packets received, 4742 bps, 59.27%, Err 48 (1.0e-05)
599.690 .... 1390 packets received, 4752 bps, 59.40%, Err 48 (1.0e-05)
601.797 .... 1398 packets received, 4763 bps, 59.53%, Err 48 (1.0e-05)
603.914 .... 1406 packets received, 4773 bps, 59.66%, Err 48 (9.9e-06)
609.462 .... 1411 packets received, 4746 bps, 59.33%, Err 49 (1.0e-05)
613.672 .... 1416 packets received, 4731 bps, 59.13%, Err 50 (1.0e-05)
620.526 .... 1422 packets received, 4698 bps, 58.73%, Err 51 (1.0e-05)
622.640 .... 1430 packets received, 4708 bps, 58.86%, Err 51 (1.0e-05)
624.753 .... 1438 packets received, 4719 bps, 58.98%, Err 51 (1.0e-05)
626.879 .... 1446 packets received, 4729 bps, 59.11%, Err 51 (1.0e-05)
628.995 .... 1454 packets received, 4739 bps, 59.24%, Err 51 (1.0e-05)
631.107 .... 1462 packets received, 4749 bps, 59.37%, Err 51 (1.0e-05)
633.210 .... 1470 packets received, 4759 bps, 59.49%, Err 51 (1.0e-05)
635.321 .... 1478 packets received, 4769 bps, 59.62%, Err 51 (1.0e-05)
637.438 .... 1486 packets received, 4779 bps, 59.74%, Err 51 (1.0e-05)
641.914 .... 1488 packets received, 4752 bps, 59.40%, Err 51 (9.9e-06)
646.425 .... 1494 packets received, 4738 bps, 59.23%, Err 52 (1.0e-05)
648.521 .... 1500 packets received, 4742 bps, 59.27%, Err 52 (1.0e-05)
650.646 .... 1508 packets received, 4751 bps, 59.39%, Err 52 (1.0e-05)
652.756 .... 1516 packets received, 4761 bps, 59.51%, Err 52 (1.0e-05)
659.077 .... 1520 packets received, 4728 bps, 59.10%, Err 53 (1.0e-05)
662.777 .... 1523 packets received, 4711 bps, 58.88%, Err 53 (1.0e-05)
664.882 .... 1526 packets received, 4705 bps, 58.81%, Err 53 (1.0e-05)
667.007 .... 1534 packets received, 4715 bps, 58.93%, Err 54 (1.0e-05)
672.539 .... 1535 packets received, 4679 bps, 58.49%, Err 54 (1.0e-05)
674.659 .... 1543 packets received, 4688 bps, 58.61%, Err 55 (1.0e-05)
678.875 .... 1549 packets received, 4677 bps, 58.47%, Err 56 (1.0e-05)
680.998 .... 1557 packets received, 4687 bps, 58.59%, Err 56 (1.0e-05)
683.108 .... 1565 packets received, 4696 bps, 58.71%, Err 56 (1.0e-05)
685.211 .... 1573 packets received, 4706 bps, 58.82%, Err 56 (1.0e-05)
691.291 .... 1580 packets received, 4685 bps, 58.57%, Err 57 (1.0e-05)
695.511 .... 1585 packets received, 4672 bps, 58.39%, Err 57 (1.0e-05)
697.633 .... 1590 packets received, 4672 bps, 58.40%, Err 57 (1.0e-05)
699.750 .... 1598 packets received, 4681 bps, 58.52%, Err 57 (1.0e-05)
701.851 .... 1606 packets received, 4691 bps, 58.63%, Err 57 (1.0e-05)
703.968 .... 1614 packets received, 4700 bps, 58.75%, Err 57 (1.0e-05)
706.091 .... 1622 packets received, 4709 bps, 58.86%, Err 57 (1.0e-05)
713.477 .... 1630 packets received, 4683 bps, 58.54%, Err 59 (1.0e-05)
715.570 .... 1638 packets received, 4692 bps, 58.65%, Err 59 (1.0e-05)
717.695 .... 1646 packets received, 4701 bps, 58.77%, Err 59 (1.0e-05)
719.804 .... 1654 packets received, 4710 bps, 58.88%, Err 59 (1.0e-05)
721.917 .... 1662 packets received, 4719 bps, 58.99%, Err 59 (1.0e-05)
727.713 .... 1664 packets received, 4687 bps, 58.59%, Err 60 (1.0e-05)
729.854 .... 1672 packets received, 4696 bps, 58.70%, Err 60 (1.0e-05)
731.952 .... 1680 packets received, 4705 bps, 58.81%, Err 60 (1.0e-05)
734.077 .... 1688 packets received, 4714 bps, 58.92%, Err 60 (1.0e-05)
736.183 .... 1696 packets received, 4722 bps, 59.03%, Err 60 (1.0e-05)
738.280 .... 1704 packets received, 4731 bps, 59.14%, Err 60 (1.0e-05)
740.392 .... 1712 packets received, 4740 bps, 59.25%, Err 60 (1.0e-05)
740.774 ** WARNING: System too busy, sleep 15 ms, but be awakened 70 ms later
742.503 .... 1720 packets received, 4748 bps, 59.35%, Err 60 (1.0e-05)
744.626 .... 1728 packets received, 4757 bps, 59.46%, Err 60 (1.0e-05)
746.722 .... 1736 packets received, 4765 bps, 59.57%, Err 60 (1.0e-05)
748.843 .... 1744 packets received, 4774 bps, 59.67%, Err 60 (1.0e-05)
750.944 .... 1752 packets received, 4782 bps, 59.78%, Err 60 (1.0e-05)
753.076 .... 1760 packets received, 4790 bps, 59.88%, Err 60 (1.0e-05)
755.175 .... 1768 packets received, 4799 bps, 59.99%, Err 60 (9.9e-06)
757.287 .... 1776 packets received, 4807 bps, 60.09%, Err 60 (9.9e-06)
759.404 .... 1784 packets received, 4815 bps, 60.19%, Err 60 (9.9e-06)
761.524 .... 1792 packets received, 4823 bps, 60.29%, Err 60 (9.9e-06)
763.615 .... 1800 packets received, 4832 bps, 60.40%, Err 60 (9.8e-06)
770.231 .... 1805 packets received, 4803 bps, 60.04%, Err 61 (9.9e-06)
772.323 .... 1813 packets received, 4812 bps, 60.15%, Err 61 (9.9e-06)
779.466 .... 1820 packets received, 4786 bps, 59.82%, Err 64 (1.0e-05)
781.573 .... 1828 packets received, 4794 bps, 59.92%, Err 64 (1.0e-05)
783.688 .... 1836 packets received, 4802 bps, 60.02%, Err 64 (1.0e-05)
785.802 .... 1844 packets received, 4810 bps, 60.12%, Err 64 (1.0e-05)
787.922 .... 1852 packets received, 4818 bps, 60.22%, Err 64 (1.0e-05)
790.029 .... 1860 packets received, 4826 bps, 60.32%, Err 64 (1.0e-05)
792.148 .... 1868 packets received, 4833 bps, 60.42%, Err 65 (1.0e-05)
793.451 ** WARNING: System too busy, sleep 15 ms, but be awakened 115 ms later
794.252 .... 1876 packets received, 4841 bps, 60.52%, Err 65 (1.0e-05)
796.370 .... 1884 packets received, 4849 bps, 60.61%, Err 65 (1.0e-05)
798.482 .... 1892 packets received, 4857 bps, 60.71%, Err 65 (1.0e-05)
800.587 .... 1900 packets received, 4864 bps, 60.80%, Err 65 (1.0e-05)
807.191 .... 1905 packets received, 4837 bps, 60.47%, Err 66 (1.0e-05)
809.300 .... 1913 packets received, 4845 bps, 60.56%, Err 67 (1.0e-05)
813.521 .... 1914 packets received, 4822 bps, 60.28%, Err 67 (1.0e-05)
815.643 .... 1922 packets received, 4830 bps, 60.37%, Err 67 (1.0e-05)
818.791 .... 1925 packets received, 4819 bps, 60.23%, Err 68 (1.0e-05)
820.926 .... 1933 packets received, 4826 bps, 60.33%, Err 68 (1.0e-05)
828.042 .... 1940 packets received, 4802 bps, 60.02%, Err 70 (1.1e-05)
830.155 .... 1948 packets received, 4809 bps, 60.12%, Err 70 (1.1e-05)
833.836 .... 1952 packets received, 4798 bps, 59.98%, Err 71 (1.1e-05)
835.962 .... 1960 packets received, 4805 bps, 60.07%, Err 71 (1.1e-05)
838.074 .... 1968 packets received, 4813 bps, 60.16%, Err 71 (1.1e-05)
840.203 .... 1976 packets received, 4820 bps, 60.25%, Err 71 (1.1e-05)
845.991 .... 1983 packets received, 4804 bps, 60.05%, Err 71 (1.0e-05)
852.331 .... 1987 packets received, 4778 bps, 59.73%, Err 72 (1.1e-05)
854.439 .... 1995 packets received, 4785 bps, 59.82%, Err 72 (1.1e-05)
856.546 .... 2003 packets received, 4793 bps, 59.91%, Err 72 (1.1e-05)
858.665 .... 2011 packets received, 4800 bps, 60.00%, Err 72 (1.0e-05)
860.783 .... 2019 packets received, 4807 bps, 60.09%, Err 72 (1.0e-05)
866.577 .... 2025 packets received, 4789 bps, 59.87%, Err 73 (1.1e-05)
870.822 .... 2030 packets received, 4778 bps, 59.72%, Err 73 (1.0e-05)
872.919 .... 2035 packets received, 4778 bps, 59.72%, Err 73 (1.0e-05)
875.032 .... 2043 packets received, 4785 bps, 59.81%, Err 73 (1.0e-05)
877.141 .... 2051 packets received, 4792 bps, 59.90%, Err 73 (1.0e-05)
882.959 .... 2058 packets received, 4777 bps, 59.71%, Err 73 (1.0e-05)
887.443 .... 2064 packets received, 4767 bps, 59.58%, Err 74 (1.0e-05)
889.545 .... 2070 packets received, 4769 bps, 59.62%, Err 74 (1.0e-05)
891.677 .... 2078 packets received, 4776 bps, 59.70%, Err 74 (1.0e-05)
893.783 .... 2086 packets received, 4783 bps, 59.79%, Err 74 (1.0e-05)
895.899 .... 2094 packets received, 4790 bps, 59.88%, Err 74 (1.0e-05)
901.977 .... 2097 packets received, 4765 bps, 59.56%, Err 75 (1.0e-05)
905.120 .... 2101 packets received, 4757 bps, 59.47%, Err 76 (1.1e-05)
907.257 .... 2103 packets received, 4751 bps, 59.38%, Err 76 (1.0e-05)
909.349 .... 2111 packets received, 4758 bps, 59.47%, Err 76 (1.0e-05)
915.429 .... 2114 packets received, 4733 bps, 59.16%, Err 77 (1.1e-05)
921.227 .... 2116 packets received, 4707 bps, 58.84%, Err 78 (1.1e-05)
923.338 .... 2124 packets received, 4714 bps, 58.93%, Err 78 (1.1e-05)
925.452 .... 2132 packets received, 4721 bps, 59.02%, Err 78 (1.1e-05)
927.577 .... 2140 packets received, 4728 bps, 59.10%, Err 78 (1.1e-05)
929.673 .... 2148 packets received, 4735 bps, 59.19%, Err 78 (1.0e-05)
931.769 .... 2156 packets received, 4742 bps, 59.28%, Err 78 (1.0e-05)
933.921 .... 2164 packets received, 4749 bps, 59.36%, Err 78 (1.0e-05)
936.019 .... 2172 packets received, 4756 bps, 59.45%, Err 78 (1.0e-05)
938.129 .... 2180 packets received, 4762 bps, 59.53%, Err 78 (1.0e-05)
943.941 .... 2182 packets received, 4737 bps, 59.22%, Err 79 (1.0e-05)
946.044 .... 2190 packets received, 4744 bps, 59.30%, Err 79 (1.0e-05)
948.158 .... 2198 packets received, 4751 bps, 59.39%, Err 79 (1.0e-05)
950.284 .... 2206 packets received, 4757 bps, 59.47%, Err 79 (1.0e-05)
952.380 .... 2214 packets received, 4764 bps, 59.55%, Err 79 (1.0e-05)
954.495 .... 2222 packets received, 4771 bps, 59.64%, Err 79 (1.0e-05)
956.624 .... 2230 packets received, 4777 bps, 59.72%, Err 79 (1.0e-05)
958.724 .... 2238 packets received, 4784 bps, 59.80%, Err 80 (1.0e-05)
964.255 .... 2239 packets received, 4759 bps, 59.48%, Err 80 (1.0e-05)
966.376 .... 2247 packets received, 4765 bps, 59.56%, Err 80 (1.0e-05)
968.505 .... 2255 packets received, 4772 bps, 59.65%, Err 80 (1.0e-05)
970.609 .... 2263 packets received, 4778 bps, 59.73%, Err 80 (1.0e-05)
972.707 .... 2271 packets received, 4785 bps, 59.81%, Err 80 (1.0e-05)
979.833 .... 2278 packets received, 4765 bps, 59.56%, Err 81 (1.0e-05)
981.966 .... 2286 packets received, 4771 bps, 59.64%, Err 81 (1.0e-05)
984.086 .... 2294 packets received, 4777 bps, 59.72%, Err 81 (1.0e-05)
986.154 .... 2302 packets received, 4784 bps, 59.80%, Err 81 (1.0e-05)
988.290 .... 2310 packets received, 4790 bps, 59.88%, Err 81 (1.0e-05)
990.412 .... 2318 packets received, 4796 bps, 59.95%, Err 81 (1.0e-05)
992.516 .... 2326 packets received, 4803 bps, 60.03%, Err 81 (1.0e-05)
994.638 .... 2334 packets received, 4809 bps, 60.11%, Err 81 (1.0e-05)
996.741 .... 2342 packets received, 4815 bps, 60.19%, Err 81 (1.0e-05)
998.851 .... 2350 packets received, 4821 bps, 60.27%, Err 81 (1.0e-05)
1000.960 .... 2358 packets received, 4828 bps, 60.35%, Err 81 (1.0e-05)
1003.145 .... 2366 packets received, 4833 bps, 60.42%, Err 81 (1.0e-05)
1005.193 .... 2374 packets received, 4840 bps, 60.50%, Err 81 (1.0e-05)
1007.313 .... 2382 packets received, 4846 bps, 60.58%, Err 81 (1.0e-05)
1013.378 .... 2389 packets received, 4831 bps, 60.39%, Err 82 (1.0e-05)
1017.632 .... 2394 packets received, 4821 bps, 60.26%, Err 83 (1.0e-05)
1018.184 ** WARNING: System too busy, sleep 15 ms, but be awakened 71 ms later
1024.447 .... 2397 packets received, 4795 bps, 59.94%, Err 85 (1.0e-05)
1026.584 .... 2405 packets received, 4801 bps, 60.01%, Err 85 (1.0e-05)
1033.442 .... 2411 packets received, 4781 bps, 59.76%, Err 88 (1.1e-05)
1035.538 .... 2419 packets received, 4787 bps, 59.84%, Err 88 (1.1e-05)
1037.659 .... 2427 packets received, 4793 bps, 59.91%, Err 88 (1.1e-05)
1039.781 .... 2435 packets received, 4799 bps, 59.99%, Err 88 (1.1e-05)
1041.865 .... 2443 packets received, 4805 bps, 60.07%, Err 88 (1.1e-05)
1044.001 .... 2451 packets received, 4811 bps, 60.14%, Err 89 (1.1e-05)
1049.544 .... 2452 packets received, 4788 bps, 59.84%, Err 89 (1.1e-05)
1054.553 .... 2460 packets received, 4780 bps, 59.75%, Err 89 (1.1e-05)
1056.677 .... 2468 packets received, 4786 bps, 59.83%, Err 89 (1.1e-05)
1058.778 .... 2476 packets received, 4792 bps, 59.90%, Err 89 (1.1e-05)
1065.378 .... 2481 packets received, 4772 bps, 59.65%, Err 90 (1.1e-05)
1067.509 .... 2489 packets received, 4778 bps, 59.73%, Err 90 (1.1e-05)
1069.607 .... 2497 packets received, 4784 bps, 59.80%, Err 90 (1.1e-05)
1071.723 .... 2505 packets received, 4790 bps, 59.87%, Err 90 (1.1e-05)
1073.834 .... 2513 packets received, 4796 bps, 59.95%, Err 90 (1.0e-05)
1079.140 .... 2517 packets received, 4780 bps, 59.75%, Err 90 (1.0e-05)
1083.598 .... 2522 packets received, 4769 bps, 59.62%, Err 90 (1.0e-05)
1089.656 .... 2523 packets received, 4745 bps, 59.31%, Err 91 (1.0e-05)
1097.063 .... 2531 packets received, 4728 bps, 59.10%, Err 92 (1.0e-05)
1099.177 .... 2539 packets received, 4733 bps, 59.17%, Err 93 (1.1e-05)
1101.287 .... 2547 packets received, 4739 bps, 59.24%, Err 93 (1.1e-05)
1103.399 .... 2555 packets received, 4745 bps, 59.31%, Err 93 (1.1e-05)
1105.501 .... 2563 packets received, 4751 bps, 59.39%, Err 93 (1.1e-05)
1107.631 .... 2571 packets received, 4757 bps, 59.46%, Err 93 (1.0e-05)
1109.739 .... 2579 packets received, 4762 bps, 59.53%, Err 93 (1.0e-05)
1111.840 .... 2587 packets received, 4768 bps, 59.60%, Err 93 (1.0e-05)
1113.956 .... 2595 packets received, 4774 bps, 59.67%, Err 93 (1.0e-05)
1116.057 .... 2603 packets received, 4779 bps, 59.74%, Err 93 (1.0e-05)
1120.829 ** WARNING: System too busy, sleep 15 ms, but be awakened 89 ms later
1123.269 .... 2611 packets received, 4763 bps, 59.54%, Err 94 (1.0e-05)
1125.385 .... 2619 packets received, 4769 bps, 59.61%, Err 94 (1.0e-05)
1127.507 .... 2627 packets received, 4774 bps, 59.68%, Err 94 (1.0e-05)
1127.861 ** WARNING: System too busy, sleep 15 ms, but be awakened 75 ms later
1129.616 .... 2635 packets received, 4780 bps, 59.75%, Err 94 (1.0e-05)
1131.714 .... 2643 packets received, 4786 bps, 59.82%, Err 94 (1.0e-05)
1133.821 .... 2651 packets received, 4791 bps, 59.89%, Err 94 (1.0e-05)
1140.436 .... 2656 packets received, 4772 bps, 59.65%, Err 95 (1.0e-05)
1142.529 .... 2664 packets received, 4778 bps, 59.72%, Err 95 (1.0e-05)
1144.676 .... 2672 packets received, 4783 bps, 59.79%, Err 95 (1.0e-05)
1146.769 .... 2680 packets received, 4789 bps, 59.86%, Err 95 (1.0e-05)
1153.651 .... 2686 packets received, 4771 bps, 59.64%, Err 96 (1.0e-05)
1155.754 .... 2694 packets received, 4776 bps, 59.71%, Err 96 (1.0e-05)
1157.861 .... 2702 packets received, 4782 bps, 59.77%, Err 96 (1.0e-05)
1159.992 .... 2710 packets received, 4787 bps, 59.84%, Err 96 (1.0e-05)
1161.607 ** WARNING: System too busy, sleep 15 ms, but be awakened 69 ms later
1162.092 .... 2718 packets received, 4793 bps, 59.91%, Err 96 (1.0e-05)
1164.204 .... 2726 packets received, 4798 bps, 59.98%, Err 96 (1.0e-05)
1166.323 .... 2734 packets received, 4803 bps, 60.04%, Err 96 (1.0e-05)
1168.427 .... 2742 packets received, 4809 bps, 60.11%, Err 96 (1.0e-05)
1170.595 .... 2750 packets received, 4814 bps, 60.17%, Err 96 (1.0e-05)
1172.669 .... 2758 packets received, 4819 bps, 60.24%, Err 96 (1.0e-05)
1174.778 .... 2766 packets received, 4825 bps, 60.31%, Err 96 (1.0e-05)
1176.384 ** WARNING: System too busy, sleep 15 ms, but be awakened 68 ms later
1180.633 .... 2769 packets received, 4806 bps, 60.07%, Err 97 (1.0e-05)
1182.748 .... 2777 packets received, 4811 bps, 60.14%, Err 97 (1.0e-05)
1184.857 .... 2785 packets received, 4816 bps, 60.21%, Err 97 (1.0e-05)
1186.978 .... 2793 packets received, 4822 bps, 60.27%, Err 97 (1.0e-05)
1189.083 .... 2801 packets received, 4827 bps, 60.34%, Err 97 (1.0e-05)
1191.203 .... 2809 packets received, 4832 bps, 60.40%, Err 98 (1.0e-05)
1196.752 .... 2810 packets received, 4811 bps, 60.14%, Err 99 (1.0e-05)
1198.850 .... 2818 packets received, 4817 bps, 60.21%, Err 99 (1.0e-05)
1200.965 .... 2826 packets received, 4822 bps, 60.27%, Err 99 (1.0e-05)
1203.084 .... 2834 packets received, 4827 bps, 60.34%, Err 99 (1.0e-05)
1209.415 .... 2842 packets received, 4815 bps, 60.19%, Err 99 (1.0e-05)
1211.516 .... 2850 packets received, 4820 bps, 60.25%, Err 99 (1.0e-05)
1213.646 .... 2858 packets received, 4825 bps, 60.32%, Err 99 (1.0e-05)
1215.745 .... 2866 packets received, 4831 bps, 60.38%, Err 99 (1.0e-05)
1217.873 .... 2874 packets received, 4836 bps, 60.44%, Err 99 (1.0e-05)
1219.966 .... 2882 packets received, 4841 bps, 60.51%, Err 99 (1.0e-05)
1223.552 ** WARNING: System too busy, sleep 15 ms, but be awakened 66 ms later
1225.816 .... 2884 packets received, 4821 bps, 60.26%, Err 101 (1.0e-05)
1230.000 .... 2889 packets received, 4813 bps, 60.16%, Err 101 (1.0e-05)
1232.129 .... 2894 packets received, 4813 bps, 60.16%, Err 101 (1.0e-05)
1237.972 .... 2896 packets received, 4793 bps, 59.92%, Err 102 (1.0e-05)
1240.038 .... 2904 packets received, 4799 bps, 59.98%, Err 102 (1.0e-05)
1247.175 .... 2911 packets received, 4783 bps, 59.78%, Err 103 (1.0e-05)
1249.283 .... 2919 packets received, 4788 bps, 59.85%, Err 103 (1.0e-05)
1251.395 .... 2927 packets received, 4793 bps, 59.91%, Err 103 (1.0e-05)
1254.334 .... 2928 packets received, 4783 bps, 59.79%, Err 103 (1.0e-05)
1256.411 .... 2936 packets received, 4788 bps, 59.85%, Err 103 (1.0e-05)
1262.208 .... 2938 packets received, 4770 bps, 59.62%, Err 104 (1.0e-05)
1264.328 .... 2946 packets received, 4774 bps, 59.68%, Err 104 (1.0e-05)
1266.449 .... 2954 packets received, 4779 bps, 59.74%, Err 104 (1.0e-05)
1268.570 .... 2962 packets received, 4784 bps, 59.80%, Err 105 (1.0e-05)
1274.113 .... 2963 packets received, 4765 bps, 59.56%, Err 105 (1.0e-05)
1276.208 .... 2971 packets received, 4770 bps, 59.63%, Err 105 (1.0e-05)
1278.330 .... 2979 packets received, 4775 bps, 59.69%, Err 105 (1.0e-05)
1280.438 .... 2987 packets received, 4780 bps, 59.75%, Err 105 (1.0e-05)
1287.039 .... 2992 packets received, 4763 bps, 59.54%, Err 106 (1.0e-05)
1291.526 .... 2998 packets received, 4756 bps, 59.45%, Err 106 (1.0e-05)
1293.633 .... 3004 packets received, 4758 bps, 59.48%, Err 106 (1.0e-05)
1295.829 .... 3012 packets received, 4763 bps, 59.53%, Err 106 (1.0e-05)
1297.877 .... 3020 packets received, 4768 bps, 59.60%, Err 106 (1.0e-05)
1304.988 .... 3026 packets received, 4751 bps, 59.39%, Err 107 (1.0e-05)
1307.088 .... 3029 packets received, 4748 bps, 59.35%, Err 107 (1.0e-05)
1309.237 .... 3037 packets received, 4753 bps, 59.41%, Err 107 (1.0e-05)
1311.337 .... 3045 packets received, 4758 bps, 59.47%, Err 107 (1.0e-05)
1313.446 .... 3053 packets received, 4763 bps, 59.53%, Err 107 (1.0e-05)
1315.573 .... 3061 packets received, 4768 bps, 59.59%, Err 107 (1.0e-05)
1317.665 .... 3069 packets received, 4772 bps, 59.65%, Err 107 (1.0e-05)
1319.770 .... 3077 packets received, 4777 bps, 59.71%, Err 107 (1.0e-05)
1321.893 .... 3085 packets received, 4782 bps, 59.77%, Err 107 (1.0e-05)
1323.995 .... 3093 packets received, 4787 bps, 59.83%, Err 107 (1.0e-05)
1326.121 .... 3101 packets received, 4791 bps, 59.89%, Err 107 (1.0e-05)
1332.993 .... 3107 packets received, 4776 bps, 59.70%, Err 108 (1.0e-05)
1335.089 .... 3115 packets received, 4781 bps, 59.76%, Err 108 (1.0e-05)
1337.196 .... 3123 packets received, 4785 bps, 59.82%, Err 108 (1.0e-05)
1339.328 .... 3131 packets received, 4790 bps, 59.88%, Err 108 (1.0e-05)
1341.422 .... 3139 packets received, 4795 bps, 59.93%, Err 108 (1.0e-05)
1343.527 .... 3147 packets received, 4799 bps, 59.99%, Err 108 (1.0e-05)
1345.670 .... 3155 packets received, 4804 bps, 60.05%, Err 108 (1.0e-05)
1347.760 .... 3163 packets received, 4809 bps, 60.11%, Err 108 (1.0e-05)
1353.842 .... 3166 packets received, 4792 bps, 59.89%, Err 109 (1.0e-05)
1355.947 .... 3174 packets received, 4796 bps, 59.95%, Err 109 (1.0e-05)
1358.071 .... 3182 packets received, 4801 bps, 60.01%, Err 109 (1.0e-05)
1360.161 .... 3190 packets received, 4805 bps, 60.07%, Err 109 (1.0e-05)
1362.292 .... 3198 packets received, 4810 bps, 60.12%, Err 109 (1.0e-05)
1364.393 .... 3206 packets received, 4815 bps, 60.18%, Err 109 (1.0e-05)
1370.480 .... 3209 packets received, 4798 bps, 59.97%, Err 111 (1.0e-05)
1372.584 .... 3217 packets received, 4802 bps, 60.03%, Err 111 (1.0e-05)
1374.672 .... 3225 packets received, 4807 bps, 60.09%, Err 111 (1.0e-05)
