000.000 =============================================================
000.000                     Station A                               
000.000 -------------------------------------------------------------
000.000 Protocol.lib, version 4.0, jiangyanjun0718@bupt.edu.cn
000.000 Channel: 8000 bps, 270 ms propagation delay, bit error rate 1.0E-05
000.000 Log file "datalink-A.log", TCP port 59144, debug mask 0x00
000.000 Station A is waiting for station B on TCP port 59144 ... Done.
000.358 New epoch: Wed May 22 14:00:50 2019
000.359 =================================================================
000.359 
000.359 Designed by yu, build: May 20 2019  18:09:47
008.756 .... 2 packets received, 933 bps, 11.66%, Err 0 (0.0e+00)
010.415 ** WARNING: System too busy, sleep 15 ms, but be awakened 80 ms later
012.854 .... 3 packets received, 724 bps, 9.05%, Err 0 (0.0e+00)
016.938 .... 4 packets received, 652 bps, 8.15%, Err 0 (0.0e+00)
021.042 .... 5 packets received, 614 bps, 7.68%, Err 0 (0.0e+00)
025.207 .... 6 packets received, 590 bps, 7.37%, Err 0 (0.0e+00)
029.323 .... 7 packets received, 574 bps, 7.18%, Err 0 (0.0e+00)
033.461 .... 8 packets received, 563 bps, 7.04%, Err 0 (0.0e+00)
037.588 .... 9 packets received, 555 bps, 6.94%, Err 0 (0.0e+00)
041.697 .... 10 packets received, 549 bps, 6.86%, Err 0 (0.0e+00)
045.779 .... 11 packets received, 544 bps, 6.80%, Err 0 (0.0e+00)
049.948 .... 12 packets received, 539 bps, 6.74%, Err 0 (0.0e+00)
054.101 .... 13 packets received, 535 bps, 6.69%, Err 0 (0.0e+00)
058.133 .... 14 packets received, 533 bps, 6.67%, Err 0 (0.0e+00)
062.255 .... 15 packets received, 531 bps, 6.63%, Err 0 (0.0e+00)
066.394 .... 16 packets received, 528 bps, 6.60%, Err 0 (0.0e+00)
070.536 .... 17 packets received, 526 bps, 6.58%, Err 0 (0.0e+00)
074.651 .... 18 packets received, 524 bps, 6.56%, Err 0 (0.0e+00)
078.720 .... 19 packets received, 523 bps, 6.54%, Err 0 (0.0e+00)
082.803 .... 20 packets received, 522 bps, 6.53%, Err 0 (0.0e+00)
086.931 .... 21 packets received, 521 bps, 6.51%, Err 0 (0.0e+00)
091.046 .... 22 packets received, 520 bps, 6.50%, Err 0 (0.0e+00)
095.120 .... 23 packets received, 519 bps, 6.49%, Err 0 (0.0e+00)
099.308 .... 24 packets received, 518 bps, 6.47%, Err 0 (0.0e+00)
101.334 .... 28 packets received, 591 bps, 7.39%, Err 0 (0.0e+00)
103.444 .... 36 packets received, 744 bps, 9.30%, Err 0 (0.0e+00)
105.554 .... 44 packets received, 891 bps, 11.13%, Err 0 (0.0e+00)
107.673 .... 52 packets received, 1031 bps, 12.89%, Err 0 (0.0e+00)
114.006 .... 56 packets received, 1046 bps, 13.08%, Err 1 (6.1e-06)
116.124 .... 64 packets received, 1173 bps, 14.66%, Err 1 (5.6e-06)
118.236 .... 72 packets received, 1295 bps, 16.19%, Err 1 (5.1e-06)
120.339 .... 80 packets received, 1413 bps, 17.66%, Err 1 (4.7e-06)
122.442 .... 88 packets received, 1526 bps, 19.08%, Err 1 (4.3e-06)
124.573 .... 96 packets received, 1636 bps, 20.44%, Err 2 (8.1e-06)
126.659 .... 104 packets received, 1742 bps, 21.77%, Err 2 (7.6e-06)
128.792 .... 112 packets received, 1843 bps, 23.04%, Err 2 (7.1e-06)
130.912 .... 120 packets received, 1942 bps, 24.28%, Err 3 (1.0e-05)
133.012 .... 128 packets received, 2038 bps, 25.47%, Err 3 (9.5e-06)
135.117 .... 136 packets received, 2130 bps, 26.63%, Err 3 (9.0e-06)
137.227 .... 144 packets received, 2220 bps, 27.75%, Err 3 (8.6e-06)
139.346 .... 152 packets received, 2306 bps, 28.83%, Err 3 (8.2e-06)
141.467 .... 160 packets received, 2390 bps, 29.88%, Err 3 (7.8e-06)
143.570 .... 168 packets received, 2472 bps, 30.90%, Err 3 (7.5e-06)
145.690 .... 176 packets received, 2551 bps, 31.88%, Err 3 (7.2e-06)
147.813 .... 184 packets received, 2627 bps, 32.84%, Err 3 (6.9e-06)
149.913 .... 192 packets received, 2702 bps, 33.77%, Err 3 (6.7e-06)
152.021 .... 200 packets received, 2774 bps, 34.68%, Err 3 (6.4e-06)
154.138 .... 208 packets received, 2844 bps, 35.55%, Err 3 (6.2e-06)
156.239 .... 216 packets received, 2913 bps, 36.41%, Err 3 (6.0e-06)
158.347 .... 224 packets received, 2979 bps, 37.24%, Err 3 (5.8e-06)
160.475 .... 232 packets received, 3044 bps, 38.05%, Err 3 (5.6e-06)
162.586 .... 240 packets received, 3107 bps, 38.83%, Err 3 (5.4e-06)
164.682 .... 248 packets received, 3168 bps, 39.60%, Err 3 (5.3e-06)
166.795 .... 256 packets received, 3228 bps, 40.35%, Err 3 (5.1e-06)
168.915 .... 264 packets received, 3286 bps, 41.07%, Err 3 (5.0e-06)
171.025 .... 272 packets received, 3343 bps, 41.78%, Err 3 (4.8e-06)
173.132 .... 280 packets received, 3398 bps, 42.47%, Err 3 (4.7e-06)
175.261 .... 288 packets received, 3451 bps, 43.14%, Err 3 (4.6e-06)
177.367 .... 296 packets received, 3504 bps, 43.80%, Err 3 (4.5e-06)
179.470 .... 304 packets received, 3556 bps, 44.44%, Err 3 (4.4e-06)
186.077 .... 309 packets received, 3483 bps, 43.53%, Err 5 (6.8e-06)
188.198 .... 317 packets received, 3532 bps, 44.14%, Err 5 (6.6e-06)
193.999 .... 319 packets received, 3445 bps, 43.06%, Err 6 (7.5e-06)
196.121 .... 327 packets received, 3492 bps, 43.66%, Err 6 (7.3e-06)
204.412 .... 332 packets received, 3399 bps, 42.49%, Err 8 (9.4e-06)
208.503 .... 333 packets received, 3341 bps, 41.76%, Err 8 (9.4e-06)
212.652 .... 334 packets received, 3284 bps, 41.05%, Err 8 (9.3e-06)
216.804 .... 335 packets received, 3230 bps, 40.37%, Err 9 (1.0e-05)
220.870 .... 336 packets received, 3178 bps, 39.73%, Err 9 (1.0e-05)
224.927 .... 337 packets received, 3129 bps, 39.11%, Err 9 (1.0e-05)
229.022 .... 338 packets received, 3081 bps, 38.52%, Err 9 (1.0e-05)
233.213 .... 339 packets received, 3034 bps, 37.92%, Err 9 (1.0e-05)
235.204 ** WARNING: System too busy, sleep 15 ms, but be awakened 68 ms later
237.302 .... 340 packets received, 2989 bps, 37.37%, Err 9 (1.0e-05)
241.411 .... 341 packets received, 2946 bps, 36.83%, Err 9 (1.0e-05)
245.646 .... 342 packets received, 2903 bps, 36.29%, Err 9 (1.0e-05)
249.720 .... 343 packets received, 2863 bps, 35.79%, Err 9 (1.0e-05)
253.869 .... 344 packets received, 2824 bps, 35.30%, Err 9 (1.0e-05)
257.989 .... 345 packets received, 2786 bps, 34.82%, Err 9 (1.0e-05)
262.068 .... 346 packets received, 2750 bps, 34.37%, Err 9 (1.0e-05)
266.255 .... 347 packets received, 2714 bps, 33.92%, Err 9 (1.0e-05)
270.354 .... 348 packets received, 2679 bps, 33.49%, Err 9 (1.0e-05)
274.470 .... 349 packets received, 2646 bps, 33.08%, Err 9 (1.0e-05)
278.721 .... 350 packets received, 2613 bps, 32.66%, Err 9 (1.0e-05)
282.769 .... 351 packets received, 2582 bps, 32.28%, Err 9 (1.0e-05)
286.842 .... 352 packets received, 2552 bps, 31.90%, Err 9 (1.0e-05)
290.912 .... 353 packets received, 2523 bps, 31.54%, Err 9 (1.0e-05)
295.131 .... 354 packets received, 2493 bps, 31.17%, Err 9 (1.0e-05)
299.282 .... 355 packets received, 2465 bps, 30.82%, Err 9 (1.0e-05)
301.336 .... 359 packets received, 2476 bps, 30.95%, Err 9 (9.9e-06)
307.158 .... 361 packets received, 2442 bps, 30.52%, Err 12 (1.3e-05)
312.696 .... 362 packets received, 2404 bps, 30.06%, Err 12 (1.2e-05)
314.805 .... 370 packets received, 2441 bps, 30.51%, Err 12 (1.2e-05)
316.926 .... 378 packets received, 2477 bps, 30.96%, Err 12 (1.2e-05)
319.029 .... 386 packets received, 2512 bps, 31.40%, Err 12 (1.1e-05)
321.134 .... 394 packets received, 2547 bps, 31.84%, Err 12 (1.1e-05)
323.256 .... 402 packets received, 2582 bps, 32.27%, Err 12 (1.1e-05)
325.388 .... 410 packets received, 2616 bps, 32.70%, Err 12 (1.1e-05)
327.488 .... 418 packets received, 2649 bps, 33.12%, Err 12 (1.1e-05)
333.294 .... 420 packets received, 2615 bps, 32.69%, Err 13 (1.1e-05)
335.391 .... 428 packets received, 2648 bps, 33.10%, Err 13 (1.1e-05)
337.515 .... 436 packets received, 2680 bps, 33.50%, Err 13 (1.1e-05)
339.628 .... 444 packets received, 2712 bps, 33.90%, Err 13 (1.1e-05)
345.711 .... 447 packets received, 2682 bps, 33.52%, Err 14 (1.1e-05)
347.811 .... 455 packets received, 2713 bps, 33.92%, Err 14 (1.1e-05)
349.922 .... 463 packets received, 2744 bps, 34.30%, Err 14 (1.1e-05)
352.043 .... 471 packets received, 2774 bps, 34.68%, Err 14 (1.1e-05)
354.146 .... 479 packets received, 2805 bps, 35.06%, Err 14 (1.0e-05)
356.250 .... 487 packets received, 2834 bps, 35.43%, Err 14 (1.0e-05)
358.372 .... 495 packets received, 2864 bps, 35.80%, Err 14 (1.0e-05)
360.483 .... 503 packets received, 2893 bps, 36.16%, Err 14 (1.0e-05)
367.610 .... 510 packets received, 2875 bps, 35.94%, Err 16 (1.1e-05)
369.714 .... 518 packets received, 2904 bps, 36.30%, Err 16 (1.1e-05)
371.840 .... 526 packets received, 2931 bps, 36.64%, Err 16 (1.1e-05)
373.934 .... 534 packets received, 2959 bps, 36.99%, Err 16 (1.1e-05)
376.053 .... 542 packets received, 2986 bps, 37.33%, Err 16 (1.1e-05)
378.160 .... 550 packets received, 3013 bps, 37.67%, Err 17 (1.1e-05)
380.284 .... 558 packets received, 3040 bps, 38.00%, Err 17 (1.1e-05)
382.400 .... 566 packets received, 3066 bps, 38.33%, Err 17 (1.1e-05)
384.506 .... 574 packets received, 3092 bps, 38.66%, Err 17 (1.1e-05)
386.597 .... 582 packets received, 3118 bps, 38.98%, Err 17 (1.1e-05)
388.739 .... 590 packets received, 3144 bps, 39.30%, Err 17 (1.1e-05)
390.846 .... 598 packets received, 3169 bps, 39.61%, Err 17 (1.0e-05)
392.944 .... 606 packets received, 3194 bps, 39.92%, Err 17 (1.0e-05)
395.078 .... 614 packets received, 3218 bps, 40.23%, Err 17 (1.0e-05)
397.177 .... 622 packets received, 3243 bps, 40.54%, Err 17 (1.0e-05)
399.299 .... 630 packets received, 3267 bps, 40.84%, Err 17 (1.0e-05)
404.422 .... 635 packets received, 3251 bps, 40.63%, Err 17 (1.0e-05)
408.482 .... 636 packets received, 3223 bps, 40.29%, Err 17 (1.0e-05)
412.497 .... 637 packets received, 3196 bps, 39.96%, Err 17 (9.9e-06)
416.677 .... 638 packets received, 3169 bps, 39.61%, Err 17 (9.9e-06)
420.807 .... 639 packets received, 3143 bps, 39.28%, Err 17 (9.9e-06)
424.950 .... 640 packets received, 3116 bps, 38.96%, Err 17 (9.9e-06)
429.072 .... 641 packets received, 3091 bps, 38.64%, Err 17 (9.9e-06)
433.173 .... 642 packets received, 3066 bps, 38.33%, Err 17 (9.9e-06)
437.387 .... 643 packets received, 3041 bps, 38.01%, Err 17 (9.9e-06)
441.511 .... 644 packets received, 3017 bps, 37.71%, Err 17 (9.9e-06)
445.716 .... 645 packets received, 2993 bps, 37.41%, Err 17 (9.9e-06)
449.800 .... 646 packets received, 2970 bps, 37.13%, Err 17 (9.8e-06)
453.867 .... 647 packets received, 2948 bps, 36.85%, Err 17 (9.8e-06)
457.917 .... 648 packets received, 2926 bps, 36.58%, Err 17 (9.8e-06)
462.003 .... 649 packets received, 2904 bps, 36.30%, Err 17 (9.8e-06)
466.144 .... 650 packets received, 2883 bps, 36.03%, Err 17 (9.8e-06)
470.331 .... 651 packets received, 2861 bps, 35.77%, Err 17 (9.8e-06)
474.474 .... 652 packets received, 2840 bps, 35.51%, Err 17 (9.8e-06)
478.584 .... 653 packets received, 2820 bps, 35.25%, Err 17 (9.8e-06)
482.674 .... 654 packets received, 2800 bps, 35.00%, Err 17 (9.7e-06)
486.706 .... 655 packets received, 2781 bps, 34.76%, Err 17 (9.7e-06)
490.835 .... 656 packets received, 2762 bps, 34.52%, Err 17 (9.7e-06)
494.889 .... 657 packets received, 2743 bps, 34.29%, Err 17 (9.7e-06)
498.991 .... 658 packets received, 2724 bps, 34.06%, Err 17 (9.7e-06)
501.061 .... 661 packets received, 2725 bps, 34.07%, Err 17 (9.7e-06)
503.185 .... 669 packets received, 2747 bps, 34.33%, Err 17 (9.6e-06)
509.264 .... 672 packets received, 2726 bps, 34.07%, Err 18 (9.9e-06)
511.381 .... 680 packets received, 2747 bps, 34.33%, Err 18 (9.8e-06)
513.476 .... 688 packets received, 2768 bps, 34.60%, Err 18 (9.7e-06)
515.595 .... 696 packets received, 2788 bps, 34.85%, Err 18 (9.6e-06)
517.716 .... 704 packets received, 2809 bps, 35.11%, Err 18 (9.5e-06)
519.819 .... 712 packets received, 2829 bps, 35.36%, Err 18 (9.4e-06)
521.927 .... 720 packets received, 2849 bps, 35.61%, Err 18 (9.3e-06)
524.059 .... 728 packets received, 2869 bps, 35.86%, Err 18 (9.3e-06)
526.153 .... 736 packets received, 2889 bps, 36.11%, Err 18 (9.2e-06)
528.265 .... 744 packets received, 2908 bps, 36.36%, Err 18 (9.1e-06)
530.358 .... 752 packets received, 2928 bps, 36.60%, Err 18 (9.0e-06)
532.479 .... 760 packets received, 2947 bps, 36.84%, Err 18 (8.9e-06)
534.601 .... 768 packets received, 2966 bps, 37.08%, Err 18 (8.9e-06)
540.405 .... 770 packets received, 2942 bps, 36.77%, Err 19 (9.2e-06)
542.523 .... 778 packets received, 2961 bps, 37.01%, Err 19 (9.1e-06)
544.643 .... 786 packets received, 2979 bps, 37.24%, Err 19 (9.0e-06)
551.240 .... 791 packets received, 2962 bps, 37.03%, Err 20 (9.2e-06)
557.825 .... 796 packets received, 2945 bps, 36.82%, Err 21 (9.5e-06)
559.926 .... 804 packets received, 2964 bps, 37.05%, Err 22 (9.9e-06)
562.068 .... 812 packets received, 2982 bps, 37.27%, Err 22 (9.8e-06)
564.181 .... 820 packets received, 3000 bps, 37.50%, Err 22 (9.7e-06)
566.284 .... 828 packets received, 3018 bps, 37.72%, Err 22 (9.6e-06)
573.423 .... 835 packets received, 3005 bps, 37.56%, Err 23 (9.8e-06)
575.519 .... 843 packets received, 3023 bps, 37.78%, Err 23 (9.8e-06)
582.659 .... 850 packets received, 3010 bps, 37.63%, Err 24 (9.9e-06)
584.767 .... 858 packets received, 3028 bps, 37.84%, Err 24 (9.9e-06)
586.879 .... 866 packets received, 3045 bps, 38.06%, Err 24 (9.8e-06)
594.012 .... 873 packets received, 3032 bps, 37.90%, Err 26 (1.0e-05)
596.122 .... 881 packets received, 3049 bps, 38.11%, Err 26 (1.0e-05)
598.221 .... 889 packets received, 3066 bps, 38.32%, Err 26 (1.0e-05)
600.329 .... 897 packets received, 3083 bps, 38.53%, Err 26 (1.0e-05)
604.493 .... 898 packets received, 3065 bps, 38.31%, Err 26 (1.0e-05)
608.641 .... 899 packets received, 3047 bps, 38.09%, Err 26 (1.0e-05)
612.710 .... 900 packets received, 3030 bps, 37.87%, Err 26 (1.0e-05)
616.805 .... 901 packets received, 3013 bps, 37.66%, Err 26 (1.0e-05)
621.022 .... 902 packets received, 2996 bps, 37.45%, Err 26 (1.0e-05)
625.041 .... 903 packets received, 2980 bps, 37.24%, Err 26 (1.0e-05)
629.082 .... 904 packets received, 2964 bps, 37.04%, Err 26 (1.0e-05)
633.178 .... 905 packets received, 2948 bps, 36.84%, Err 26 (1.0e-05)
637.284 .... 906 packets received, 2932 bps, 36.65%, Err 26 (1.0e-05)
641.316 .... 907 packets received, 2916 bps, 36.45%, Err 26 (1.0e-05)
645.422 .... 908 packets received, 2901 bps, 36.26%, Err 26 (1.0e-05)
649.552 .... 909 packets received, 2885 bps, 36.07%, Err 26 (1.0e-05)
653.676 .... 910 packets received, 2870 bps, 35.88%, Err 26 (1.0e-05)
657.789 .... 911 packets received, 2855 bps, 35.69%, Err 26 (1.0e-05)
661.824 .... 912 packets received, 2841 bps, 35.51%, Err 26 (1.0e-05)
665.900 .... 913 packets received, 2826 bps, 35.33%, Err 26 (1.0e-05)
669.993 .... 914 packets received, 2812 bps, 35.15%, Err 26 (1.0e-05)
673.991 .... 915 packets received, 2798 bps, 34.98%, Err 26 (1.0e-05)
678.129 .... 916 packets received, 2784 bps, 34.80%, Err 26 (1.0e-05)
682.303 .... 917 packets received, 2770 bps, 34.63%, Err 26 (1.0e-05)
686.375 .... 918 packets received, 2757 bps, 34.46%, Err 26 (1.0e-05)
690.518 .... 919 packets received, 2743 bps, 34.29%, Err 26 (1.0e-05)
694.552 .... 920 packets received, 2730 bps, 34.12%, Err 26 (1.0e-05)
698.625 .... 921 packets received, 2717 bps, 33.96%, Err 26 (1.0e-05)
700.811 .... 923 packets received, 2714 bps, 33.93%, Err 26 (1.0e-05)
702.911 .... 931 packets received, 2730 bps, 34.12%, Err 26 (9.9e-06)
705.029 .... 939 packets received, 2745 bps, 34.31%, Err 26 (9.8e-06)
707.153 .... 947 packets received, 2760 bps, 34.50%, Err 26 (9.8e-06)
709.253 .... 955 packets received, 2775 bps, 34.68%, Err 26 (9.7e-06)
711.365 .... 963 packets received, 2790 bps, 34.87%, Err 26 (9.6e-06)
718.754 .... 971 packets received, 2784 bps, 34.80%, Err 29 (1.1e-05)
720.867 .... 979 packets received, 2798 bps, 34.98%, Err 29 (1.0e-05)
727.206 .... 983 packets received, 2785 bps, 34.81%, Err 31 (1.1e-05)
729.316 .... 991 packets received, 2800 bps, 34.99%, Err 31 (1.1e-05)
735.914 .... 996 packets received, 2788 bps, 34.85%, Err 32 (1.1e-05)
738.033 .... 1004 packets received, 2803 bps, 35.03%, Err 32 (1.1e-05)
740.775 ** WARNING: System too busy, sleep 15 ms, but be awakened 70 ms later
744.891 .... 1010 packets received, 2793 bps, 34.92%, Err 33 (1.1e-05)
747.006 .... 1018 packets received, 2807 bps, 35.09%, Err 33 (1.1e-05)
749.125 .... 1026 packets received, 2821 bps, 35.27%, Err 33 (1.1e-05)
751.221 .... 1034 packets received, 2835 bps, 35.44%, Err 33 (1.1e-05)
753.340 .... 1042 packets received, 2849 bps, 35.62%, Err 33 (1.1e-05)
755.462 .... 1050 packets received, 2863 bps, 35.79%, Err 33 (1.1e-05)
757.575 .... 1058 packets received, 2877 bps, 35.96%, Err 33 (1.1e-05)
759.723 .... 1066 packets received, 2890 bps, 36.13%, Err 33 (1.1e-05)
761.783 .... 1074 packets received, 2904 bps, 36.30%, Err 33 (1.1e-05)
767.864 .... 1077 packets received, 2889 bps, 36.11%, Err 34 (1.1e-05)
769.968 .... 1085 packets received, 2902 bps, 36.28%, Err 34 (1.1e-05)
772.100 .... 1093 packets received, 2916 bps, 36.45%, Err 34 (1.1e-05)
774.186 .... 1101 packets received, 2929 bps, 36.61%, Err 34 (1.1e-05)
776.317 .... 1109 packets received, 2942 bps, 36.78%, Err 34 (1.1e-05)
778.409 .... 1117 packets received, 2955 bps, 36.94%, Err 34 (1.1e-05)
780.535 .... 1125 packets received, 2968 bps, 37.11%, Err 34 (1.0e-05)
782.645 .... 1133 packets received, 2981 bps, 37.27%, Err 35 (1.1e-05)
788.179 .... 1134 packets received, 2963 bps, 37.04%, Err 36 (1.1e-05)
790.317 .... 1142 packets received, 2976 bps, 37.20%, Err 36 (1.1e-05)
792.404 .... 1150 packets received, 2989 bps, 37.36%, Err 36 (1.1e-05)
793.451 ** WARNING: System too busy, sleep 15 ms, but be awakened 119 ms later
794.544 .... 1158 packets received, 3001 bps, 37.52%, Err 36 (1.1e-05)
796.630 .... 1166 packets received, 3014 bps, 37.68%, Err 36 (1.1e-05)
798.741 .... 1174 packets received, 3027 bps, 37.83%, Err 36 (1.1e-05)
804.458 .... 1181 packets received, 3023 bps, 37.79%, Err 36 (1.1e-05)
808.563 .... 1182 packets received, 3010 bps, 37.63%, Err 36 (1.1e-05)
812.613 .... 1183 packets received, 2998 bps, 37.47%, Err 36 (1.1e-05)
816.632 .... 1184 packets received, 2985 bps, 37.32%, Err 36 (1.1e-05)
820.755 .... 1185 packets received, 2973 bps, 37.16%, Err 36 (1.1e-05)
824.899 .... 1186 packets received, 2960 bps, 37.00%, Err 36 (1.1e-05)
829.057 .... 1187 packets received, 2948 bps, 36.85%, Err 36 (1.1e-05)
833.041 .... 1188 packets received, 2936 bps, 36.70%, Err 36 (1.1e-05)
837.146 .... 1189 packets received, 2924 bps, 36.55%, Err 36 (1.1e-05)
849.389 .... 1190 packets received, 2884 bps, 36.05%, Err 37 (1.1e-05)
853.425 .... 1191 packets received, 2873 bps, 35.91%, Err 37 (1.1e-05)
857.557 .... 1192 packets received, 2861 bps, 35.77%, Err 37 (1.1e-05)
861.669 .... 1193 packets received, 2850 bps, 35.62%, Err 37 (1.1e-05)
865.817 .... 1194 packets received, 2839 bps, 35.48%, Err 37 (1.1e-05)
869.960 .... 1195 packets received, 2827 bps, 35.34%, Err 37 (1.1e-05)
874.135 .... 1196 packets received, 2816 bps, 35.20%, Err 37 (1.1e-05)
878.270 .... 1197 packets received, 2805 bps, 35.06%, Err 37 (1.1e-05)
882.343 .... 1198 packets received, 2794 bps, 34.93%, Err 37 (1.1e-05)
886.527 .... 1199 packets received, 2784 bps, 34.79%, Err 37 (1.1e-05)
890.608 .... 1200 packets received, 2773 bps, 34.66%, Err 37 (1.1e-05)
894.751 .... 1201 packets received, 2762 bps, 34.53%, Err 37 (1.1e-05)
898.850 .... 1202 packets received, 2752 bps, 34.40%, Err 37 (1.1e-05)
901.076 .... 1205 packets received, 2752 bps, 34.40%, Err 37 (1.1e-05)
903.178 .... 1213 packets received, 2764 bps, 34.55%, Err 37 (1.1e-05)
905.291 .... 1221 packets received, 2776 bps, 34.70%, Err 37 (1.1e-05)
907.419 .... 1229 packets received, 2787 bps, 34.84%, Err 37 (1.1e-05)
909.524 .... 1237 packets received, 2799 bps, 34.99%, Err 37 (1.0e-05)
911.644 .... 1245 packets received, 2810 bps, 35.13%, Err 37 (1.0e-05)
913.754 .... 1253 packets received, 2822 bps, 35.27%, Err 37 (1.0e-05)
915.881 .... 1261 packets received, 2833 bps, 35.42%, Err 37 (1.0e-05)
917.977 .... 1269 packets received, 2845 bps, 35.56%, Err 37 (1.0e-05)
920.107 .... 1277 packets received, 2856 bps, 35.70%, Err 37 (1.0e-05)
922.202 .... 1285 packets received, 2867 bps, 35.84%, Err 37 (1.0e-05)
924.315 .... 1293 packets received, 2878 bps, 35.98%, Err 37 (1.0e-05)
926.427 .... 1301 packets received, 2890 bps, 36.12%, Err 37 (1.0e-05)
928.537 .... 1309 packets received, 2901 bps, 36.26%, Err 37 (1.0e-05)
930.648 .... 1317 packets received, 2912 bps, 36.40%, Err 37 (1.0e-05)
936.988 .... 1321 packets received, 2901 bps, 36.26%, Err 38 (1.0e-05)
939.098 .... 1329 packets received, 2912 bps, 36.40%, Err 38 (1.0e-05)
941.190 .... 1337 packets received, 2923 bps, 36.54%, Err 38 (1.0e-05)
943.328 .... 1345 packets received, 2934 bps, 36.67%, Err 38 (1.0e-05)
945.443 .... 1353 packets received, 2944 bps, 36.81%, Err 38 (1.0e-05)
947.551 .... 1361 packets received, 2955 bps, 36.94%, Err 38 (9.9e-06)
949.676 .... 1369 packets received, 2966 bps, 37.07%, Err 38 (9.9e-06)
951.784 .... 1377 packets received, 2977 bps, 37.21%, Err 38 (9.8e-06)
953.880 .... 1385 packets received, 2987 bps, 37.34%, Err 38 (9.8e-06)
956.003 .... 1393 packets received, 2998 bps, 37.47%, Err 38 (9.7e-06)
958.086 .... 1401 packets received, 3008 bps, 37.61%, Err 39 (9.9e-06)
965.237 .... 1408 packets received, 3001 bps, 37.51%, Err 41 (1.0e-05)
967.365 .... 1416 packets received, 3011 bps, 37.64%, Err 41 (1.0e-05)
969.451 .... 1424 packets received, 3022 bps, 37.77%, Err 41 (1.0e-05)
971.584 .... 1432 packets received, 3032 bps, 37.90%, Err 41 (1.0e-05)
973.693 .... 1440 packets received, 3042 bps, 38.03%, Err 41 (1.0e-05)
975.789 .... 1448 packets received, 3053 bps, 38.16%, Err 41 (1.0e-05)
977.914 .... 1456 packets received, 3063 bps, 38.29%, Err 41 (1.0e-05)
980.026 .... 1464 packets received, 3073 bps, 38.41%, Err 41 (1.0e-05)
982.131 .... 1472 packets received, 3083 bps, 38.54%, Err 41 (1.0e-05)
983.925 ** WARNING: System too busy, sleep 15 ms, but be awakened 69 ms later
988.209 .... 1475 packets received, 3070 bps, 38.38%, Err 43 (1.0e-05)
993.740 .... 1476 packets received, 3055 bps, 38.19%, Err 43 (1.0e-05)
995.863 .... 1484 packets received, 3065 bps, 38.32%, Err 43 (1.0e-05)
1004.314 .... 1486 packets received, 3043 bps, 38.04%, Err 44 (1.0e-05)
1008.462 .... 1487 packets received, 3033 bps, 37.91%, Err 44 (1.0e-05)
1012.565 .... 1488 packets received, 3023 bps, 37.78%, Err 44 (1.0e-05)
1016.647 .... 1489 packets received, 3012 bps, 37.66%, Err 44 (1.0e-05)
1018.185 ** WARNING: System too busy, sleep 15 ms, but be awakened 72 ms later
1020.833 .... 1490 packets received, 3002 bps, 37.53%, Err 44 (1.0e-05)
1025.002 .... 1491 packets received, 2992 bps, 37.40%, Err 44 (1.0e-05)
1029.125 .... 1492 packets received, 2982 bps, 37.27%, Err 44 (1.0e-05)
1033.127 .... 1493 packets received, 2972 bps, 37.15%, Err 44 (1.0e-05)
1037.242 .... 1494 packets received, 2962 bps, 37.03%, Err 44 (1.0e-05)
1041.340 .... 1495 packets received, 2953 bps, 36.91%, Err 44 (1.0e-05)
1045.400 .... 1496 packets received, 2943 bps, 36.79%, Err 44 (1.0e-05)
1049.494 .... 1497 packets received, 2933 bps, 36.67%, Err 44 (1.0e-05)
1053.602 .... 1498 packets received, 2924 bps, 36.55%, Err 44 (1.0e-05)
1057.774 .... 1499 packets received, 2914 bps, 36.43%, Err 44 (1.0e-05)
1061.869 .... 1500 packets received, 2905 bps, 36.31%, Err 44 (1.0e-05)
1065.910 .... 1501 packets received, 2896 bps, 36.20%, Err 44 (1.0e-05)
1070.065 .... 1502 packets received, 2886 bps, 36.08%, Err 44 (1.0e-05)
1074.251 .... 1503 packets received, 2877 bps, 35.96%, Err 44 (1.0e-05)
1078.462 .... 1504 packets received, 2868 bps, 35.85%, Err 44 (1.0e-05)
1082.558 .... 1505 packets received, 2859 bps, 35.73%, Err 44 (1.0e-05)
1086.689 .... 1506 packets received, 2850 bps, 35.62%, Err 44 (1.0e-05)
1090.736 .... 1507 packets received, 2841 bps, 35.51%, Err 44 (1.0e-05)
1094.767 .... 1508 packets received, 2832 bps, 35.40%, Err 44 (1.0e-05)
1098.873 .... 1509 packets received, 2824 bps, 35.29%, Err 44 (1.0e-05)
1101.060 .... 1512 packets received, 2824 bps, 35.29%, Err 44 (1.0e-05)
1103.174 .... 1520 packets received, 2833 bps, 35.41%, Err 44 (1.0e-05)
1105.304 .... 1528 packets received, 2842 bps, 35.53%, Err 44 (1.0e-05)
1107.408 .... 1536 packets received, 2852 bps, 35.65%, Err 44 (1.0e-05)
1109.517 .... 1544 packets received, 2861 bps, 35.77%, Err 44 (1.0e-05)
1111.679 .... 1552 packets received, 2870 bps, 35.88%, Err 44 (1.0e-05)
1113.774 .... 1560 packets received, 2880 bps, 36.00%, Err 44 (1.0e-05)
1115.880 .... 1568 packets received, 2889 bps, 36.11%, Err 44 (9.9e-06)
1117.995 .... 1576 packets received, 2898 bps, 36.23%, Err 44 (9.9e-06)
1120.107 .... 1584 packets received, 2908 bps, 36.34%, Err 44 (9.9e-06)
1120.829 ** WARNING: System too busy, sleep 15 ms, but be awakened 87 ms later
1122.225 .... 1592 packets received, 2917 bps, 36.46%, Err 44 (9.8e-06)
1127.861 ** WARNING: System too busy, sleep 15 ms, but be awakened 76 ms later
1128.563 .... 1596 packets received, 2908 bps, 36.34%, Err 45 (9.9e-06)
1130.673 .... 1604 packets received, 2917 bps, 36.46%, Err 45 (9.9e-06)
1132.786 .... 1612 packets received, 2926 bps, 36.57%, Err 45 (9.9e-06)
1134.909 .... 1620 packets received, 2935 bps, 36.68%, Err 45 (9.8e-06)
1136.991 .... 1628 packets received, 2944 bps, 36.80%, Err 45 (9.8e-06)
1139.125 .... 1636 packets received, 2953 bps, 36.91%, Err 45 (9.7e-06)
1141.238 .... 1644 packets received, 2962 bps, 37.02%, Err 45 (9.7e-06)
1147.287 .... 1647 packets received, 2951 bps, 36.89%, Err 46 (9.8e-06)
1149.409 .... 1655 packets received, 2960 bps, 37.00%, Err 46 (9.8e-06)
1151.533 .... 1663 packets received, 2969 bps, 37.11%, Err 46 (9.7e-06)
1153.635 .... 1671 packets received, 2978 bps, 37.22%, Err 46 (9.7e-06)
1155.755 .... 1679 packets received, 2986 bps, 37.33%, Err 46 (9.7e-06)
1157.881 .... 1687 packets received, 2995 bps, 37.44%, Err 46 (9.6e-06)
1159.980 .... 1695 packets received, 3004 bps, 37.55%, Err 46 (9.6e-06)
1162.075 .... 1703 packets received, 3013 bps, 37.66%, Err 46 (9.6e-06)
1164.211 .... 1711 packets received, 3021 bps, 37.77%, Err 46 (9.5e-06)
1166.321 .... 1719 packets received, 3030 bps, 37.87%, Err 46 (9.5e-06)
1168.428 .... 1727 packets received, 3038 bps, 37.98%, Err 46 (9.5e-06)
1170.542 .... 1735 packets received, 3047 bps, 38.09%, Err 46 (9.4e-06)
1172.642 .... 1743 packets received, 3055 bps, 38.19%, Err 46 (9.4e-06)
1174.760 .... 1751 packets received, 3064 bps, 38.30%, Err 46 (9.4e-06)
1176.384 ** WARNING: System too busy, sleep 15 ms, but be awakened 68 ms later
1176.867 .... 1759 packets received, 3072 bps, 38.41%, Err 46 (9.3e-06)
1178.974 .... 1767 packets received, 3081 bps, 38.51%, Err 47 (9.5e-06)
1181.088 .... 1775 packets received, 3089 bps, 38.62%, Err 47 (9.5e-06)
1183.215 .... 1783 packets received, 3098 bps, 38.72%, Err 47 (9.5e-06)
1185.345 .... 1791 packets received, 3106 bps, 38.82%, Err 47 (9.4e-06)
1187.444 .... 1799 packets received, 3114 bps, 38.93%, Err 47 (9.4e-06)
1189.549 .... 1807 packets received, 3123 bps, 39.03%, Err 48 (9.6e-06)
1196.670 .... 1814 packets received, 3116 bps, 38.95%, Err 49 (9.6e-06)
1212.625 .... 1819 packets received, 3083 bps, 38.54%, Err 52 (1.0e-05)
1216.787 .... 1820 packets received, 3074 bps, 38.43%, Err 52 (1.0e-05)
1220.900 .... 1821 packets received, 3066 bps, 38.32%, Err 52 (1.0e-05)
1223.551 ** WARNING: System too busy, sleep 15 ms, but be awakened 67 ms later
1224.981 .... 1822 packets received, 3057 bps, 38.21%, Err 52 (1.0e-05)
1229.037 .... 1823 packets received, 3049 bps, 38.11%, Err 52 (1.0e-05)
1233.124 .... 1824 packets received, 3040 bps, 38.00%, Err 52 (1.0e-05)
1237.398 .... 1825 packets received, 3031 bps, 37.89%, Err 52 (1.0e-05)
1241.372 .... 1826 packets received, 3023 bps, 37.79%, Err 52 (1.0e-05)
1245.515 .... 1827 packets received, 3015 bps, 37.68%, Err 52 (1.0e-05)
1249.593 .... 1828 packets received, 3006 bps, 37.58%, Err 52 (1.0e-05)
1253.671 .... 1829 packets received, 2998 bps, 37.48%, Err 52 (1.0e-05)
1257.798 .... 1830 packets received, 2990 bps, 37.38%, Err 52 (1.0e-05)
1261.847 .... 1831 packets received, 2982 bps, 37.28%, Err 52 (1.0e-05)
1265.982 .... 1832 packets received, 2974 bps, 37.17%, Err 52 (1.0e-05)
1270.021 .... 1833 packets received, 2966 bps, 37.08%, Err 52 (1.0e-05)
1274.178 .... 1834 packets received, 2958 bps, 36.97%, Err 52 (1.0e-05)
1278.314 .... 1835 packets received, 2950 bps, 36.87%, Err 52 (1.0e-05)
1282.300 .... 1836 packets received, 2942 bps, 36.78%, Err 52 (1.0e-05)
1286.402 .... 1837 packets received, 2935 bps, 36.68%, Err 52 (1.0e-05)
1290.491 .... 1838 packets received, 2927 bps, 36.58%, Err 52 (1.0e-05)
1294.719 .... 1839 packets received, 2919 bps, 36.48%, Err 52 (1.0e-05)
1298.878 .... 1840 packets received, 2911 bps, 36.39%, Err 52 (1.0e-05)
1301.073 .... 1843 packets received, 2911 bps, 36.39%, Err 52 (1.0e-05)
1303.195 .... 1851 packets received, 2919 bps, 36.48%, Err 52 (1.0e-05)
1305.286 .... 1859 packets received, 2927 bps, 36.58%, Err 52 (1.0e-05)
1307.410 .... 1867 packets received, 2934 bps, 36.68%, Err 52 (1.0e-05)
1309.566 .... 1875 packets received, 2942 bps, 36.78%, Err 53 (1.0e-05)
1311.647 .... 1883 packets received, 2950 bps, 36.87%, Err 53 (1.0e-05)
1313.736 .... 1891 packets received, 2958 bps, 36.97%, Err 53 (1.0e-05)
1315.864 .... 1899 packets received, 2965 bps, 37.07%, Err 53 (1.0e-05)
1317.968 .... 1907 packets received, 2973 bps, 37.16%, Err 53 (1.0e-05)
1320.086 .... 1915 packets received, 2981 bps, 37.26%, Err 53 (1.0e-05)
1322.205 .... 1923 packets received, 2988 bps, 37.36%, Err 53 (9.9e-06)
1324.304 .... 1931 packets received, 2996 bps, 37.45%, Err 53 (9.9e-06)
1326.430 .... 1939 packets received, 3004 bps, 37.55%, Err 53 (9.9e-06)
1328.533 .... 1947 packets received, 3011 bps, 37.64%, Err 53 (9.8e-06)
1330.650 .... 1955 packets received, 3019 bps, 37.74%, Err 53 (9.8e-06)
1332.755 .... 1963 packets received, 3026 bps, 37.83%, Err 53 (9.8e-06)
1339.348 .... 1968 packets received, 3019 bps, 37.74%, Err 55 (1.0e-05)
1341.471 .... 1976 packets received, 3027 bps, 37.83%, Err 55 (1.0e-05)
1343.591 .... 1984 packets received, 3034 bps, 37.93%, Err 55 (1.0e-05)
1345.687 .... 1992 packets received, 3041 bps, 38.02%, Err 55 (1.0e-05)
1347.807 .... 2000 packets received, 3049 bps, 38.11%, Err 55 (9.9e-06)
1349.911 .... 2008 packets received, 3056 bps, 38.20%, Err 55 (9.9e-06)
1352.035 .... 2016 packets received, 3064 bps, 38.30%, Err 55 (9.9e-06)
1354.151 .... 2024 packets received, 3071 bps, 38.39%, Err 55 (9.8e-06)
1356.251 .... 2032 packets received, 3078 bps, 38.48%, Err 55 (9.8e-06)
1358.374 .... 2040 packets received, 3086 bps, 38.57%, Err 55 (9.8e-06)
1360.481 .... 2048 packets received, 3093 bps, 38.66%, Err 55 (9.7e-06)
1362.582 .... 2056 packets received, 3100 bps, 38.75%, Err 55 (9.7e-06)
1364.696 .... 2064 packets received, 3107 bps, 38.84%, Err 55 (9.7e-06)
1370.489 .... 2066 packets received, 3097 bps, 38.72%, Err 56 (9.8e-06)
1376.174 TCP Disconnected.
