c:\github\game\qt_game\mainwindow\mainwindow\x64\debug\playerwindow.obj
c:\github\game\qt_game\mainwindow\mainwindow\x64\debug\user.obj
c:\github\game\qt_game\mainwindow\mainwindow\x64\debug\moc_playerwindow.obj
c:\github\game\qt_game\mainwindow\mainwindow\x64\debug\main.obj
c:\github\game\qt_game\mainwindow\mainwindow\x64\debug\regwindow.obj
c:\github\game\qt_game\mainwindow\mainwindow\x64\debug\moc_newuserwindow.obj
c:\github\game\qt_game\mainwindow\mainwindow\x64\debug\newuserwindow.obj
c:\github\game\qt_game\mainwindow\mainwindow\x64\debug\testbuilderwindow.obj
c:\github\game\qt_game\mainwindow\mainwindow\x64\debug\moc_regwindow.obj
c:\github\game\qt_game\mainwindow\mainwindow\x64\debug\mainwindow.obj
c:\github\game\qt_game\mainwindow\mainwindow\x64\debug\usefulfunction.obj
c:\github\game\qt_game\mainwindow\mainwindow\x64\debug\qrc_mainwindow.obj
c:\github\game\qt_game\mainwindow\mainwindow\x64\debug\moc_mainwindow.obj
c:\github\game\qt_game\mainwindow\mainwindow\x64\debug\moc_testbuilderwindow.obj
c:\github\game\qt_game\mainwindow\mainwindow\x64\debug\vc141.pdb
c:\github\game\qt_game\mainwindow\x64\debug\mainwindow.exe
c:\github\game\qt_game\mainwindow\x64\debug\mainwindow.ilk
c:\github\game\qt_game\mainwindow\x64\debug\mainwindow.pdb
c:\github\game\qt_game\mainwindow\mainwindow\generatedfiles\ui_mainwindow.h
c:\github\game\qt_game\mainwindow\mainwindow\generatedfiles\ui_newuserwindow.h
c:\github\game\qt_game\mainwindow\mainwindow\generatedfiles\ui_playerwindow.h
c:\github\game\qt_game\mainwindow\mainwindow\generatedfiles\ui_regwindow.h
c:\github\game\qt_game\mainwindow\mainwindow\generatedfiles\ui_testbuilderwindow.h
c:\github\game\qt_game\mainwindow\mainwindow\generatedfiles\qrc_mainwindow.cpp
c:\github\game\qt_game\mainwindow\mainwindow\generatedfiles\debug\moc_mainwindow.cpp
c:\github\game\qt_game\mainwindow\mainwindow\generatedfiles\debug\moc_regwindow.cpp
c:\github\game\qt_game\mainwindow\mainwindow\generatedfiles\debug\moc_newuserwindow.cpp
c:\github\game\qt_game\mainwindow\mainwindow\generatedfiles\debug\moc_playerwindow.cpp
c:\github\game\qt_game\mainwindow\mainwindow\generatedfiles\debug\moc_testbuilderwindow.cpp
c:\github\game\qt_game\mainwindow\mainwindow\.\generatedfiles\debug\moc_mainwindow.cpp
c:\github\game\qt_game\mainwindow\mainwindow\.\generatedfiles\debug\moc_regwindow.cpp
c:\github\game\qt_game\mainwindow\mainwindow\.\generatedfiles\debug\moc_newuserwindow.cpp
c:\github\game\qt_game\mainwindow\mainwindow\.\generatedfiles\debug\moc_playerwindow.cpp
c:\github\game\qt_game\mainwindow\mainwindow\.\generatedfiles\debug\moc_testbuilderwindow.cpp
c:\github\game\qt_game\mainwindow\mainwindow\.\generatedfiles\qrc_mainwindow.cpp
c:\github\game\qt_game\mainwindow\mainwindow\.\generatedfiles\ui_mainwindow.h
c:\github\game\qt_game\mainwindow\mainwindow\.\generatedfiles\ui_newuserwindow.h
c:\github\game\qt_game\mainwindow\mainwindow\.\generatedfiles\ui_playerwindow.h
c:\github\game\qt_game\mainwindow\mainwindow\.\generatedfiles\ui_regwindow.h
c:\github\game\qt_game\mainwindow\mainwindow\.\generatedfiles\ui_testbuilderwindow.h
c:\github\game\qt_game\mainwindow\mainwindow\x64\debug\mainwindow.tlog\cl.command.1.tlog
c:\github\game\qt_game\mainwindow\mainwindow\x64\debug\mainwindow.tlog\cl.read.1.tlog
c:\github\game\qt_game\mainwindow\mainwindow\x64\debug\mainwindow.tlog\cl.write.1.tlog
c:\github\game\qt_game\mainwindow\mainwindow\x64\debug\mainwindow.tlog\link.command.1.tlog
c:\github\game\qt_game\mainwindow\mainwindow\x64\debug\mainwindow.tlog\link.read.1.tlog
c:\github\game\qt_game\mainwindow\mainwindow\x64\debug\mainwindow.tlog\link.write.1.tlog
c:\github\game\qt_game\mainwindow\mainwindow\x64\debug\mainwindow.tlog\mainwindow.write.1u.tlog
c:\github\game\qt_game\mainwindow\mainwindow\x64\debug\mainwindow.tlog\moc.read.1u.tlog
c:\github\game\qt_game\mainwindow\mainwindow\x64\debug\mainwindow.tlog\moc.write.1u.tlog
c:\github\game\qt_game\mainwindow\mainwindow\x64\debug\mainwindow.tlog\rcc.read.1u.tlog
c:\github\game\qt_game\mainwindow\mainwindow\x64\debug\mainwindow.tlog\rcc.write.1u.tlog
c:\github\game\qt_game\mainwindow\mainwindow\x64\debug\mainwindow.tlog\uic.read.1u.tlog
c:\github\game\qt_game\mainwindow\mainwindow\x64\debug\mainwindow.tlog\uic.write.1u.tlog
